Wed May 16 22:20:49 2018 Tracking terms from ../twython-keywords.txt
Starting stream 
Thu May 17 10:05:04 2018 Tracking terms from ../twython-keywords.txt
Starting stream 
Thu May 17 10:10:29 2018 Tracking terms from ../twython-keywords.txt
Starting stream 
Thu May 17 10:15:16 2018 Tracking terms from ../twython-keywords.txt
Starting stream 
Thu May 17 10:15:17 2018 Encountered error with status code:413
Thu May 17 10:15:23 2018 Encountered error with status code:413
Thu May 17 10:15:33 2018 Encountered error with status code:413
Thu May 17 10:15:54 2018 Encountered error with status code:413
Thu May 17 10:16:35 2018 Encountered error with status code:413
Thu May 17 10:17:54 2018 Tracking terms from ../twython-keywords.txt
Starting stream 
Thu May 17 10:39:39 2018 Tracking terms from ../twython-keywords.txt
Starting stream 
Thu May 17 10:54:00 2018 Tracking terms from ../twython-keywords.txt
Starting stream 
Thu May 17 11:35:32 2018 Tracking terms from ../twython-keywords.txt
Starting stream 
Thu May 17 11:42:57 2018 Tracking terms from ../twython-keywords.txt
Starting stream 
Thu May 17 11:52:58 2018 Tracking terms from ../twython-keywords.txt
Starting stream 
['#iVoteBTSBBMAs', '#MAGA', '#MyTwitterAnniversary#', '#DontGoBreakingMyHeart', '#comedy']Thu May 17 11:59:44 2018 Tracking terms from ../twython-keywords.txt
Starting stream 
['#iVoteBTSBBMAs', '#MAGA', '#MyTwitterAnniversary#', '#DontGoBreakingMyHeart', '#comedy']Thu May 17 11:59:54 2018 Tracking terms from ../twython-keywords.txt
Starting stream 
['#iVoteBTSBBMAs', '#MAGA', '#MyTwitterAnniversary#', '#DontGoBreakingMyHeart', '#comedy']Thu May 17 12:04:15 2018 Tracking terms from ../twython-keywords.txt
Starting stream 
['#iVoteBTSBBMAs', '#MAGA', '#MyTwitterAnniversary#', '#DontGoBreakingMyHeart', '#comedy']Thu May 17 12:06:16 2018 Tracking terms from ../twython-keywords.txt
Starting stream 
['#iVoteBTSBBMAs', '#MAGA', '#MyTwitterAnniversary#', '#DontGoBreakingMyHeart', '#comedy']Thu May 17 12:07:46 2018 Tracking terms from ../twython-keywords.txt
Starting stream 
['#iVoteBTSBBMAs', '#MAGA', '#MyTwitterAnniversary#', '#DontGoBreakingMyHeart', '#comedy']Thu May 17 12:15:57 2018 Tracking terms from ../twython-keywords.txt
Starting stream 
['#iVoteBTSBBMAs', '#MAGA', '#MyTwitterAnniversary#', '#DontGoBreakingMyHeart', '#comedy']Thu May 17 12:16:51 2018 Tracking terms from ../twython-keywords.txt
Starting stream 
['#iVoteBTSBBMAs', '#MAGA', '#MyTwitterAnniversary#', '#DontGoBreakingMyHeart', '#comedy']Thu May 17 12:34:24 2018 Tracking terms from ../twython-keywords.txt
Starting stream 
['#iVoteBTSBBMAs', '#MAGA', '#MyTwitterAnniversary#', '#DontGoBreakingMyHeart', '#comedy']Thu May 17 12:57:00 2018 Tracking terms from ../twython-keywords.txt
Starting stream 
['#iVoteBTSBBMAs', '#MAGA', '#MyTwitterAnniversary#', '#DontGoBreakingMyHeart', '#comedy']Thu May 17 13:30:10 2018 Tracking terms from ../twython-keywords.txt
Starting stream 
['#iVoteBTSBBMAs', '#MAGA', '#MyTwitterAnniversary#', '#DontGoBreakingMyHeart', '#comedy']Thu May 17 17:47:48 2018 Tracking terms from ../twython-keywords.txt
Starting stream 
['#ThursdayThoughts', '#RoyalWedding', '#MAGA', '#traffic', '#WasVotedMostLikelyTo', '#GraduationAdviceIn5Words', '#tbt', '#traffic', '#leadership', '#Laurel', '#Yanny', '#ThursdayThoughts', '#realestate', '#ItDoesntCostAnythingTo']Thu May 17 21:57:57 2018 Tracking terms from ../twython-keywords.txt
Starting stream 
['#ThursdayThoughts', '#RoyalWedding', '#MAGA', '#traffic', '#WasVotedMostLikelyTo', '#GraduationAdviceIn5Words', '#tbt', '#traffic', '#leadership', '#Laurel', '#Yanny', '#ThursdayThoughts', '#realestate', '#ItDoesntCostAnythingTo', '#Deadpool', '#Deadpool2']Thu May 17 21:58:17 2018 Tracking terms from ../twython-keywords.txt
Starting stream 
['#ThursdayThoughts', '#RoyalWedding', '#MAGA', '#traffic', '#WasVotedMostLikelyTo', '#GraduationAdviceIn5Words', '#tbt', '#traffic', '#leadership', '#Laurel', '#Yanny', '#ThursdayThoughts', '#realestate', '#ItDoesntCostAnythingTo', '#Deadpool', '#Deadpool2']Fri May 18 10:03:00 2018 Tracking terms from ../twython-keywords.txt
Starting stream 
['#ThursdayThoughts', '#RoyalWedding', '#MAGA', '#traffic', '#WasVotedMostLikelyTo', '#GraduationAdviceIn5Words', '#tbt', '#traffic', '#leadership', '#Laurel', '#Yanny', '#ThursdayThoughts', '#realestate', '#ItDoesntCostAnythingTo', '#Deadpool', '#Deadpool2', '#13ReasonsWhy2']Fri May 18 10:27:57 2018 Tracking terms from ../twython-keywords.txt
Starting stream 
['#ThursdayThoughts', '#RoyalWedding', '#MAGA', '#traffic', '#WasVotedMostLikelyTo', '#GraduationAdviceIn5Words', '#tbt', '#traffic', '#leadership', '#Laurel', '#Yanny', '#ThursdayThoughts', '#realestate', '#ItDoesntCostAnythingTo', '#Deadpool', '#Deadpool2', '#13ReasonsWhy2']Fri May 18 10:32:39 2018 Tracking terms from ../twython-keywords.txt
Starting stream 
['#ThursdayThoughts', '#RoyalWedding', '#MAGA', '#traffic', '#WasVotedMostLikelyTo', '#GraduationAdviceIn5Words', '#tbt', '#traffic', '#leadership', '#Laurel', '#Yanny', '#ThursdayThoughts', '#realestate', '#ItDoesntCostAnythingTo', '#Deadpool', '#Deadpool2', '#13ReasonsWhy2']Fri May 18 10:33:54 2018 Tracking terms from ../twython-keywords.txt
Starting stream 
['#ThursdayThoughts', '#RoyalWedding', '#MAGA', '#traffic', '#WasVotedMostLikelyTo', '#GraduationAdviceIn5Words', '#tbt', '#traffic', '#leadership', '#Laurel', '#Yanny', '#ThursdayThoughts', '#realestate', '#ItDoesntCostAnythingTo', '#Deadpool', '#Deadpool2', '#13ReasonsWhy2']